[2025-01-21 16:41:33 : INFO] - Cache for URL: https://topcampamentos.com/?elementor_library=footer has been purged, triggered by action: save_post 
[2025-01-21 16:41:33 : INFO] - Cache for URL: https://topcampamentos.com/?elementor_library=footer has been purged, triggered by action: save_post 
[2025-01-21 16:41:34 : INFO] - Cache for URL: https://topcampamentos.com/?elementor_library=footer has been purged, triggered by action: save_post 
[2025-01-21 16:42:17 : INFO] - Cache for URL: https://topcampamentos.com/?elementor_library=footer has been purged, triggered by action: save_post 
[2025-01-21 16:42:17 : INFO] - Cache for URL: https://topcampamentos.com/?elementor_library=footer has been purged, triggered by action: save_post 
[2025-01-21 16:42:18 : INFO] - Cache for URL: https://topcampamentos.com/?elementor_library=footer has been purged, triggered by action: save_post 
[2025-01-21 16:42:53 : INFO] - Cache for URL: https://topcampamentos.com/?elementor_library=footer has been purged, triggered by action: save_post 
[2025-01-21 16:42:53 : INFO] - Cache for URL: https://topcampamentos.com/?elementor_library=footer has been purged, triggered by action: save_post 
[2025-01-21 16:42:54 : INFO] - Cache for URL: https://topcampamentos.com/?elementor_library=footer has been purged, triggered by action: save_post 
[2025-01-21 16:43:35 : INFO] - Cache for URL: https://topcampamentos.com/?elementor_library=footer has been purged, triggered by action: save_post 
[2025-01-21 16:43:35 : INFO] - Cache for URL: https://topcampamentos.com/?elementor_library=footer has been purged, triggered by action: save_post 
[2025-01-21 16:43:36 : INFO] - Cache for URL: https://topcampamentos.com/?elementor_library=footer has been purged, triggered by action: save_post 
[2025-01-21 17:20:43 : INFO] - Cache for URL: https://topcampamentos.com/campamentos/camp-prueba-enero-25/ has been purged, triggered by action: save_post 
[2025-01-21 17:20:43 : INFO] - Cache for archive page associated with post_type: topcampamentos and Title: "Camp prueba enero 25" has been purged, triggered by action: save_post 
[2025-01-21 17:28:48 : INFO] - Cache for URL: https://topcampamentos.com/?post_type=topcampamentos&p=5669 has been purged, triggered by action: save_post 
[2025-01-21 17:28:48 : INFO] - Cache for archive page associated with post_type: topcampamentos and Title: "Camp prueba enero 25" has been purged, triggered by action: save_post 
[2025-02-18 11:06:05 : INFO] - Cache for associated Polylang translation posts for Title: "Borrador automático" have been purged 
[2025-02-18 11:06:05 : INFO] - Cache for URL: https://topcampamentos.com/?p=5671 has been purged, triggered by action: save_post 
[2025-02-18 11:06:05 : INFO] - Cache for previous post (with URL: https://topcampamentos.com/mejores-campamentos-de-verano-en-ingles-para-2024/) adjacent to post with id: 5671 has been purged, triggered by action: save_post 
[2025-02-18 11:06:05 : INFO] - Cache for all archives page associated with post_type: post and Title: "Borrador automático" have been purged, triggered by action: save_post 
[2025-02-19 12:08:20 : INFO] - Cache for URL: https://topcampamentos.com/?post_type=topcampamentos&p=5686 has been purged, triggered by action: save_post 
[2025-02-19 12:08:20 : INFO] - Cache for archive page associated with post_type: topcampamentos and Title: "Madaura Camp&#8217;25 &#8211; Deporte, Aventura y Naturaleza" has been purged, triggered by action: save_post 
[2025-02-19 12:18:24 : INFO] - Cache for URL: https://topcampamentos.com/?post_type=topcampamentos&p=5686 has been purged, triggered by action: save_post 
[2025-02-19 12:18:24 : INFO] - Cache for archive page associated with post_type: topcampamentos and Title: "Madaura Camp&#8217;25 &#8211; Deporte, Aventura y Naturaleza" has been purged, triggered by action: save_post 
[2025-02-19 12:18:24 : INFO] - Cache for URL: https://topcampamentos.com/?post_type=topcampamentos&p=5686 has been purged, triggered by action: save_post 
[2025-02-19 12:18:24 : INFO] - Cache for archive page associated with post_type: topcampamentos and Title: "Madaura Camp&#8217;25 &#8211; Deporte, Aventura y Naturaleza" has been purged, triggered by action: save_post 
[2025-02-19 12:31:56 : INFO] - Cache for URL: https://topcampamentos.com/campamentos/madaura-english-adventure-camp25/ has been purged, triggered by action: save_post 
[2025-02-19 12:31:56 : INFO] - Cache for archive page associated with post_type: topcampamentos and Title: "Madaura English Adventure Camp&#8217;25" has been purged, triggered by action: save_post 
[2025-02-19 12:32:10 : INFO] - Cache for URL: https://topcampamentos.com/?post_type=topcampamentos&p=5686 has been purged, triggered by action: save_post 
[2025-02-19 12:32:10 : INFO] - Cache for archive page associated with post_type: topcampamentos and Title: "Madaura Camp&#8217;25 &#8211; Deporte, Aventura y Naturaleza" has been purged, triggered by action: save_post 
[2025-02-19 12:32:11 : INFO] - Cache for URL: https://topcampamentos.com/campamentos/madaura-camp25-deporte-aventura-y-naturaleza/ has been purged, triggered by action: save_post 
[2025-02-19 12:32:11 : INFO] - Cache for archive page associated with post_type: topcampamentos and Title: "Madaura Camp&#8217;25 &#8211; Deporte, Aventura y Naturaleza" has been purged, triggered by action: save_post 
[2025-03-07 12:59:22 : INFO] - Cache for URL: https://topcampamentos.com/campamentos/campamento-la-senda-de-matapozuelos/ has been purged, triggered by action: save_post 
[2025-03-07 12:59:22 : INFO] - Cache for archive page associated with post_type: topcampamentos and Title: "Senda de Matapozuelos Camp , Aula Joven" has been purged, triggered by action: save_post 
[2025-03-07 13:00:20 : INFO] - Cache for URL: https://topcampamentos.com/campamentos/campamento-piedralaves/ has been purged, triggered by action: save_post 
[2025-03-07 13:00:20 : INFO] - Cache for archive page associated with post_type: topcampamentos and Title: "Campamento Piedralaves, Aula Joven" has been purged, triggered by action: save_post 
[2025-03-07 13:01:38 : INFO] - Cache for URL: https://topcampamentos.com/campamentos/campamento-la-rivera-de-eresma/ has been purged, triggered by action: save_post 
[2025-03-07 13:01:38 : INFO] - Cache for archive page associated with post_type: topcampamentos and Title: "Camp La Rivera de Eresma, Aula Joven" has been purged, triggered by action: save_post 
[2025-03-17 09:55:40 : INFO] - Cache for URL: https://topcampamentos.com/campamentos/volley-ball-lewu/ has been purged, triggered by action: wp_trash_post 
[2025-03-17 09:55:57 : INFO] - Cache for URL: https://topcampamentos.com/campamentos/volley-ball-lewu__trashed/ has been purged, triggered by action: wp_trash_post 
[2025-03-17 09:58:28 : INFO] - Cache for associated Polylang translation posts for Title: "Borrador automático" have been purged 
[2025-03-17 09:58:28 : INFO] - Cache for URL: https://topcampamentos.com/?p=5688 has been purged, triggered by action: save_post 
[2025-03-17 09:58:28 : INFO] - Cache for previous post (with URL: https://topcampamentos.com/mejores-campamentos-de-verano-en-ingles-para-2024/) adjacent to post with id: 5688 has been purged, triggered by action: save_post 
[2025-03-17 09:58:28 : INFO] - Cache for all archives page associated with post_type: post and Title: "Borrador automático" have been purged, triggered by action: save_post 
[2025-03-17 10:35:24 : INFO] - Cache for URL: https://topcampamentos.com/campamentos/campamento-cocina-sierra-de-gredos/ has been purged, triggered by action: wp_trash_post 
[2025-03-17 10:37:09 : INFO] - Cache for URL: https://topcampamentos.com/?post_type=topcampamentos&p=5484 has been purged, triggered by action: save_post 
[2025-03-17 10:37:09 : INFO] - Cache for archive page associated with post_type: topcampamentos and Title: "CAMPUS GOLF  LA SIERRA DE GREDOS" has been purged, triggered by action: save_post 
[2025-03-17 10:37:46 : INFO] - Cache for URL: https://topcampamentos.com/?post_type=topcampamentos&p=5488 has been purged, triggered by action: save_post 
[2025-03-17 10:37:46 : INFO] - Cache for archive page associated with post_type: topcampamentos and Title: "CAMPAMENTO COCINA SIERRA DE GREDOS" has been purged, triggered by action: save_post 
[2025-03-17 10:38:30 : INFO] - Cache for URL: https://topcampamentos.com/?post_type=topcampamentos&p=3675 has been purged, triggered by action: save_post 
[2025-03-17 10:38:30 : INFO] - Cache for archive page associated with post_type: topcampamentos and Title: "Multiaventura Sierra Gredos, Valle Abedules" has been purged, triggered by action: save_post 
[2025-03-17 10:45:36 : INFO] - Cache for URL: https://topcampamentos.com/campamentos/multiaventura-madrid-sierra-valle-abedules/ has been purged, triggered by action: save_post 
[2025-03-17 10:45:36 : INFO] - Cache for archive page associated with post_type: topcampamentos and Title: "Multiaventura Sierra Madrid, Valle Abedules" has been purged, triggered by action: save_post 
[2025-03-17 10:45:57 : INFO] - Cache for URL: https://topcampamentos.com/campamentos/multiaventura-madrid-sierra-valle-abedules/ has been purged, triggered by action: save_post 
[2025-03-17 10:45:57 : INFO] - Cache for archive page associated with post_type: topcampamentos and Title: "Multiaventura Sierra Madrid, Valle Abedules" has been purged, triggered by action: save_post 
[2025-03-17 10:46:26 : INFO] - Cache for URL: https://topcampamentos.com/campamentos/multiaventura-madrid-sierra-valle-abedules/ has been purged, triggered by action: save_post 
[2025-03-17 10:46:26 : INFO] - Cache for archive page associated with post_type: topcampamentos and Title: "Multiaventura Sierra Madrid, Valle Abedules" has been purged, triggered by action: save_post 
[2025-03-17 10:49:36 : INFO] - Cache for URL: https://topcampamentos.com/campamentos/campamento-de-verano-multiaventura-madrid-sierra-2023/ has been purged, triggered by action: save_post 
[2025-03-17 10:49:36 : INFO] - Cache for archive page associated with post_type: topcampamentos and Title: "Campus fútbol Sierra Madrid, Valle Abedules" has been purged, triggered by action: save_post 
[2025-03-18 09:56:21 : INFO] - Cache for URL: https://topcampamentos.com/campamentos/nautico-valle-abedules/ has been purged, triggered by action: save_post 
[2025-03-18 09:56:21 : INFO] - Cache for archive page associated with post_type: topcampamentos and Title: "Campamento Náutico, Valle Abedules" has been purged, triggered by action: save_post 
[2025-03-20 12:24:13 : INFO] - Cache for URL: https://topcampamentos.com/campamentos/multiaventura-ingles-360-camp/ has been purged, triggered by action: save_post 
[2025-03-20 12:24:13 : INFO] - Cache for archive page associated with post_type: topcampamentos and Title: "Multiaventura inglés, 360 Camp" has been purged, triggered by action: save_post 
[2025-03-20 12:24:38 : INFO] - Cache for URL: https://topcampamentos.com/campamentos/multiaventura-ingles-360-camp/ has been purged, triggered by action: save_post 
[2025-03-20 12:24:38 : INFO] - Cache for archive page associated with post_type: topcampamentos and Title: "Multiaventura inglés, 360 Camp" has been purged, triggered by action: save_post 
[2025-03-21 11:53:40 : INFO] - Cache for URL: https://topcampamentos.com/campamentos/rock-camp/ has been purged, triggered by action: save_post 
[2025-03-21 11:53:40 : INFO] - Cache for archive page associated with post_type: topcampamentos and Title: "Rock Camp" has been purged, triggered by action: save_post 
[2025-03-21 12:05:39 : INFO] - Cache for URL: https://topcampamentos.com/?post_type=topcampamentos&p=5694 has been purged, triggered by action: save_post 
[2025-03-21 12:05:39 : INFO] - Cache for archive page associated with post_type: topcampamentos and Title: "ROCK CAMP JUNIOR®" has been purged, triggered by action: save_post 
[2025-03-24 12:41:53 : INFO] - Cache for URL: https://topcampamentos.com/?post_type=topcampamentos&p=5694 has been purged, triggered by action: save_post 
[2025-03-24 12:41:53 : INFO] - Cache for archive page associated with post_type: topcampamentos and Title: "ROCK CAMP JUNIOR®" has been purged, triggered by action: save_post 
[2025-03-28 11:11:21 : INFO] - Cache for associated Polylang translation posts for Title: "Borrador automático" have been purged 
[2025-03-28 11:11:21 : INFO] - Cache for URL: https://topcampamentos.com/?p=5695 has been purged, triggered by action: save_post 
[2025-03-28 11:11:21 : INFO] - Cache for previous post (with URL: https://topcampamentos.com/mejores-campamentos-de-verano-en-ingles-para-2024/) adjacent to post with id: 5695 has been purged, triggered by action: save_post 
[2025-03-28 11:11:21 : INFO] - Cache for all archives page associated with post_type: post and Title: "Borrador automático" have been purged, triggered by action: save_post 
[2025-03-30 22:44:06 : INFO] - Cache for URL: https://topcampamentos.com/?post_type=topcampamentos&p=5705 has been purged, triggered by action: save_post 
[2025-03-30 22:44:06 : INFO] - Cache for archive page associated with post_type: topcampamentos and Title: "Campamento de verano Atalaya de Alcaraz" has been purged, triggered by action: save_post 
[2025-03-30 22:47:40 : INFO] - Cache for URL: https://topcampamentos.com/campamentos/campamento-de-verano-atalaya-de-alcaraz/ has been purged, triggered by action: save_post 
[2025-03-30 22:47:40 : INFO] - Cache for archive page associated with post_type: topcampamentos and Title: "Campamento de verano Atalaya de Alcaraz" has been purged, triggered by action: save_post 
[2025-04-01 11:51:05 : INFO] - Cache for URL: https://topcampamentos.com/?post_type=topcampamentos&p=5488 has been purged, triggered by action: wp_trash_post 
[2025-04-02 10:15:15 : INFO] - Cache for URL: https://topcampamentos.com/campamentos/summer-camp-aula-de-naturaleza-paredes/ has been purged, triggered by action: save_post 
[2025-04-02 10:15:15 : INFO] - Cache for archive page associated with post_type: topcampamentos and Title: "Summer Camp, Aula de Naturaleza Paredes" has been purged, triggered by action: save_post 
[2025-04-02 11:00:03 : INFO] - Cache for URL: https://topcampamentos.com/campamentos/campamento-multiaventura-aula-de-naturaleza-paredes/ has been purged, triggered by action: save_post 
[2025-04-02 11:00:03 : INFO] - Cache for archive page associated with post_type: topcampamentos and Title: "CAMPAMENTO ECUESTRE, Aula de Naturaleza Paredes by Natures" has been purged, triggered by action: save_post 
[2025-04-02 11:00:03 : INFO] - Cache for URL: https://topcampamentos.com/campamentos/campamento-multiaventura-aula-de-naturaleza-paredes/ has been purged, triggered by action: save_post 
[2025-04-02 11:00:03 : INFO] - Cache for archive page associated with post_type: topcampamentos and Title: "CAMPAMENTO ECUESTRE, Aula de Naturaleza Paredes by Natures" has been purged, triggered by action: save_post 
[2025-04-02 11:08:26 : INFO] - Cache for URL: https://topcampamentos.com/campamentos/campamento-de-verano-ecuestre-aula-de-naturaleza-paredes/ has been purged, triggered by action: save_post 
[2025-04-02 11:08:26 : INFO] - Cache for archive page associated with post_type: topcampamentos and Title: "CAMPAMENTO SUPERHÉROES, Aula de Naturaleza Paredes" has been purged, triggered by action: save_post 
[2025-04-02 11:08:26 : INFO] - Cache for URL: https://topcampamentos.com/?post_type=topcampamentos&p=5581 has been purged, triggered by action: save_post 
[2025-04-02 11:08:26 : INFO] - Cache for archive page associated with post_type: topcampamentos and Title: "CAMPAMENTO SUPERHÉROES, Aula de Naturaleza Paredes" has been purged, triggered by action: save_post 
[2025-04-02 11:13:22 : INFO] - Cache for URL: https://topcampamentos.com/?post_type=topcampamentos&p=5581 has been purged, triggered by action: save_post 
[2025-04-02 11:13:22 : INFO] - Cache for archive page associated with post_type: topcampamentos and Title: "CAMPAMENTO SUPERHÉROES, Aula de Naturaleza Paredes" has been purged, triggered by action: save_post 
[2025-04-02 11:13:30 : INFO] - Cache for URL: https://topcampamentos.com/campamentos/campamento-de-verano-ecuestre-aula-de-naturaleza-paredes/ has been purged, triggered by action: save_post 
[2025-04-02 11:13:30 : INFO] - Cache for archive page associated with post_type: topcampamentos and Title: "CAMPAMENTO SUPERHÉROES, Aula de Naturaleza Paredes" has been purged, triggered by action: save_post 
[2025-04-02 11:22:03 : INFO] - Cache for URL: https://topcampamentos.com/campamentos/campamento-dinosaurios-aula-de-naturaleza-paredes/ has been purged, triggered by action: save_post 
[2025-04-02 11:22:03 : INFO] - Cache for archive page associated with post_type: topcampamentos and Title: "Campamento Dinosaurios, Aula de Naturaleza Paredes" has been purged, triggered by action: save_post 
[2025-04-04 12:38:20 : INFO] - Cache for URL: https://topcampamentos.com/campamentos/rock-camp-junior/ has been purged, triggered by action: save_post 
[2025-04-04 12:38:20 : INFO] - Cache for archive page associated with post_type: topcampamentos and Title: "ROCK CAMP JUNIOR®" has been purged, triggered by action: save_post 
[2025-04-04 13:15:46 : INFO] - Cache for associated Polylang translation posts for Title: "Borrador automático" have been purged 
[2025-04-04 13:15:46 : INFO] - Cache for URL: https://topcampamentos.com/?p=5715 has been purged, triggered by action: save_post 
[2025-04-04 13:15:46 : INFO] - Cache for previous post (with URL: https://topcampamentos.com/mejores-campamentos-de-verano-en-ingles-para-2024/) adjacent to post with id: 5715 has been purged, triggered by action: save_post 
[2025-04-04 13:15:46 : INFO] - Cache for all archives page associated with post_type: post and Title: "Borrador automático" have been purged, triggered by action: save_post 
[2025-04-04 15:36:26 : INFO] - Cache for URL: https://topcampamentos.com/?post_type=topcampamentos&p=5721 has been purged, triggered by action: save_post 
[2025-04-04 15:36:26 : INFO] - Cache for archive page associated with post_type: topcampamentos and Title: "Alto Tajo Summer Camp" has been purged, triggered by action: save_post 
[2025-04-07 10:14:07 : INFO] - Cache for URL: https://topcampamentos.com/?post_type=topcampamentos&p=5731 has been purged, triggered by action: save_post 
[2025-04-07 10:14:07 : INFO] - Cache for archive page associated with post_type: topcampamentos and Title: "Campamento Multiaventura, Aventurama 2025" has been purged, triggered by action: save_post 
[2025-04-07 10:22:14 : INFO] - Cache for URL: https://topcampamentos.com/campamentos/campamento-multiaventura-aventurama/ has been purged, triggered by action: save_post 
[2025-04-07 10:22:14 : INFO] - Cache for archive page associated with post_type: topcampamentos and Title: "Campamento multiaventura, Aventurama" has been purged, triggered by action: save_post 
[2025-04-07 10:27:45 : INFO] - Cache for URL: https://topcampamentos.com/campamentos/campamento-multiaventura-aventurama/ has been purged, triggered by action: save_post 
[2025-04-07 10:27:45 : INFO] - Cache for archive page associated with post_type: topcampamentos and Title: "Campamento multiaventura, Aventurama" has been purged, triggered by action: save_post 
[2025-04-07 10:39:37 : INFO] - Cache for URL: https://topcampamentos.com/campamentos/campamento-multiaventura-aventurama/ has been purged, triggered by action: save_post 
[2025-04-07 10:39:37 : INFO] - Cache for archive page associated with post_type: topcampamentos and Title: "Campamento multiaventura, Aventurama" has been purged, triggered by action: save_post 
[2025-04-07 11:11:11 : INFO] - Cache for URL: https://topcampamentos.com/campamentos/campamento-la-senda-de-matapozuelos/ has been purged, triggered by action: save_post 
[2025-04-07 11:11:11 : INFO] - Cache for archive page associated with post_type: topcampamentos and Title: "Senda de Matapozuelos Camp , Aula Joven" has been purged, triggered by action: save_post 
[2025-04-07 12:24:49 : INFO] - Cache for URL: https://topcampamentos.com/campamentos/campamento-de-verano-atalaya-de-alcaraz/ has been purged, triggered by action: save_post 
[2025-04-07 12:24:49 : INFO] - Cache for archive page associated with post_type: topcampamentos and Title: "Campamento de verano Atalaya de Alcaraz" has been purged, triggered by action: save_post 
[2025-04-07 12:30:48 : INFO] - Cache for URL: https://topcampamentos.com/campamentos/campamento-de-verano-atalaya-de-alcaraz/ has been purged, triggered by action: save_post 
[2025-04-07 12:30:48 : INFO] - Cache for archive page associated with post_type: topcampamentos and Title: "Campamento de verano Atalaya de Alcaraz" has been purged, triggered by action: save_post 
[2025-04-07 12:49:05 : INFO] - Cache for URL: https://topcampamentos.com/?post_type=topcampamentos&p=5741 has been purged, triggered by action: save_post 
[2025-04-07 12:49:05 : INFO] - Cache for archive page associated with post_type: topcampamentos and Title: "Curso de monitor de ocio y tiempo libre" has been purged, triggered by action: save_post 
[2025-04-07 12:50:49 : INFO] - Cache for URL: https://topcampamentos.com/campamentos/curso-de-monitor-de-ocio-y-tiempo-libre/ has been purged, triggered by action: save_post 
[2025-04-07 12:50:49 : INFO] - Cache for archive page associated with post_type: topcampamentos and Title: "Curso de monitor de ocio y tiempo libre" has been purged, triggered by action: save_post 
[2025-04-07 18:50:00 : INFO] - Cache for URL: https://topcampamentos.com/campamentos/campamento-multiaventura-aventurama/ has been purged, triggered by action: save_post 
[2025-04-07 18:50:00 : INFO] - Cache for archive page associated with post_type: topcampamentos and Title: "Campamento multiaventura, Aventurama" has been purged, triggered by action: save_post 
[2025-04-07 21:02:40 : INFO] - Cache for URL: https://topcampamentos.com/?post_type=topcampamentos&p=5750 has been purged, triggered by action: save_post 
[2025-04-07 21:02:40 : INFO] - Cache for archive page associated with post_type: topcampamentos and Title: "Campamento Verano Villatoya 25 Desde Madrid Valencia Albacete" has been purged, triggered by action: save_post 
[2025-04-08 11:10:49 : INFO] - Cache for URL: https://topcampamentos.com/campamentos/rock-camp/ has been purged, triggered by action: save_post 
[2025-04-08 11:10:49 : INFO] - Cache for archive page associated with post_type: topcampamentos and Title: "Rock Camp" has been purged, triggered by action: save_post 
[2025-04-08 11:12:56 : INFO] - Cache for URL: https://topcampamentos.com/campamentos/rock-camp-junior/ has been purged, triggered by action: save_post 
[2025-04-08 11:12:56 : INFO] - Cache for archive page associated with post_type: topcampamentos and Title: "ROCK CAMP JUNIOR®" has been purged, triggered by action: save_post 
[2025-04-08 11:13:32 : INFO] - Cache for URL: https://topcampamentos.com/campamentos/rock-camp/ has been purged, triggered by action: save_post 
[2025-04-08 11:13:32 : INFO] - Cache for archive page associated with post_type: topcampamentos and Title: "Rock Camp" has been purged, triggered by action: save_post 
[2025-04-10 14:36:07 : INFO] - Cache for URL: https://topcampamentos.com/campamentos/prueba-granja/ has been purged, triggered by action: wp_trash_post 
[2025-04-23 09:14:59 : INFO] - Cache for URL: https://topcampamentos.com/campamentos/surf-camp-cantabria-naturkids/ has been purged, triggered by action: save_post 
[2025-04-23 09:14:59 : INFO] - Cache for archive page associated with post_type: topcampamentos and Title: "Surf Camp Cantabria, Naturkids" has been purged, triggered by action: save_post 
[2025-04-23 09:15:16 : INFO] - Cache for URL: https://topcampamentos.com/campamentos/surf-camp-cantabria-naturkids/ has been purged, triggered by action: save_post 
[2025-04-23 09:15:16 : INFO] - Cache for archive page associated with post_type: topcampamentos and Title: "Surf Camp Cantabria, Naturkids" has been purged, triggered by action: save_post 
[2025-04-23 09:20:46 : INFO] - Cache for URL: https://topcampamentos.com/campamentos/campamento-urbano-multiaventura-cantabria-naturkids/ has been purged, triggered by action: save_post 
[2025-04-23 09:20:46 : INFO] - Cache for archive page associated with post_type: topcampamentos and Title: "Campamento Urbano Multiaventura Cantabria Naturkids" has been purged, triggered by action: save_post 
[2025-04-23 09:22:03 : INFO] - Cache for URL: https://topcampamentos.com/?post_type=topcampamentos&p=4915 has been purged, triggered by action: save_post 
[2025-04-23 09:22:03 : INFO] - Cache for archive page associated with post_type: topcampamentos and Title: "Campamento Naturkids +18 adultos Cantabria" has been purged, triggered by action: save_post 
[2025-04-23 09:23:53 : INFO] - Cache for URL: https://topcampamentos.com/campamentos/campamento-life-naturkidscantabria/ has been purged, triggered by action: save_post 
[2025-04-23 09:23:53 : INFO] - Cache for archive page associated with post_type: topcampamentos and Title: "Campamento Life Naturkids,Cantabria" has been purged, triggered by action: save_post 
[2025-04-23 09:24:37 : INFO] - Cache for URL: https://topcampamentos.com/?post_type=topcampamentos&p=4915 has been purged, triggered by action: save_post 
[2025-04-23 09:24:37 : INFO] - Cache for archive page associated with post_type: topcampamentos and Title: "Campamento Naturkids +18 adultos Cantabria" has been purged, triggered by action: save_post 
[2025-04-23 09:28:32 : INFO] - Cache for URL: https://topcampamentos.com/campamentos/campamento-multiaventura-naturkids-cantabria/ has been purged, triggered by action: save_post 
[2025-04-23 09:28:32 : INFO] - Cache for archive page associated with post_type: topcampamentos and Title: "Campamento Multiaventura NaturKids  Cantabria" has been purged, triggered by action: save_post 
[2025-04-28 09:43:53 : INFO] - Cache for URL: https://topcampamentos.com/campamentos/kids-summer-camp-lingua-lab/ has been purged, triggered by action: save_post 
[2025-04-28 09:43:53 : INFO] - Cache for archive page associated with post_type: topcampamentos and Title: "Lingua Camp | Lingua Lab" has been purged, triggered by action: save_post 
[2025-04-28 09:43:53 : INFO] - Cache for URL: https://topcampamentos.com/?post_type=topcampamentos&p=5500 has been purged, triggered by action: save_post 
[2025-04-28 09:43:53 : INFO] - Cache for archive page associated with post_type: topcampamentos and Title: "Lingua Camp | Lingua Lab" has been purged, triggered by action: save_post 
[2025-04-28 09:44:16 : INFO] - Cache for URL: https://topcampamentos.com/?post_type=topcampamentos&p=5500 has been purged, triggered by action: save_post 
[2025-04-28 09:44:16 : INFO] - Cache for archive page associated with post_type: topcampamentos and Title: "Lingua Camp | Lingua Lab" has been purged, triggered by action: save_post 
[2025-04-28 09:47:06 : INFO] - Cache for URL: https://topcampamentos.com/?post_type=topcampamentos&p=5500 has been purged, triggered by action: save_post 
[2025-04-28 09:47:06 : INFO] - Cache for archive page associated with post_type: topcampamentos and Title: "Lingua Camp | Lingua Lab" has been purged, triggered by action: save_post 
[2025-04-28 09:51:35 : INFO] - Cache for URL: https://topcampamentos.com/?post_type=topcampamentos&p=5500 has been purged, triggered by action: save_post 
[2025-04-28 09:51:35 : INFO] - Cache for archive page associated with post_type: topcampamentos and Title: "Lingua Camp | Lingua Lab" has been purged, triggered by action: save_post 
[2025-04-28 09:52:33 : INFO] - Cache for URL: https://topcampamentos.com/?post_type=topcampamentos&p=5500 has been purged, triggered by action: save_post 
[2025-04-28 09:52:33 : INFO] - Cache for archive page associated with post_type: topcampamentos and Title: "Lingua Camp | Lingua Lab" has been purged, triggered by action: save_post 
[2025-04-28 09:53:11 : INFO] - Cache for URL: https://topcampamentos.com/?post_type=topcampamentos&p=5500 has been purged, triggered by action: save_post 
[2025-04-28 09:53:11 : INFO] - Cache for archive page associated with post_type: topcampamentos and Title: "Lingua Camp | Lingua Lab" has been purged, triggered by action: save_post 
[2025-04-28 13:59:47 : INFO] - Cache for URL: https://topcampamentos.com/?post_type=topcampamentos&p=5760 has been purged, triggered by action: save_post 
[2025-04-28 13:59:47 : INFO] - Cache for archive page associated with post_type: topcampamentos and Title: "Surf &amp; Adventure English Summer Camp" has been purged, triggered by action: save_post 
[2025-04-28 14:02:03 : INFO] - Cache for URL: https://topcampamentos.com/?post_type=topcampamentos&p=5760 has been purged, triggered by action: save_post 
[2025-04-28 14:02:03 : INFO] - Cache for archive page associated with post_type: topcampamentos and Title: "Surf &amp; Adventure English Summer Camp" has been purged, triggered by action: save_post 
[2025-04-28 14:02:04 : INFO] - Cache for URL: https://topcampamentos.com/campamentos/surf-adventure-english-summer-camp/ has been purged, triggered by action: save_post 
[2025-04-28 14:02:04 : INFO] - Cache for archive page associated with post_type: topcampamentos and Title: "Surf &amp; Adventure English Summer Camp" has been purged, triggered by action: save_post 
[2025-04-28 14:02:26 : INFO] - Cache for URL: https://topcampamentos.com/campamentos/surf-adventure-english-summer-camp/ has been purged, triggered by action: save_post 
[2025-04-28 14:02:26 : INFO] - Cache for archive page associated with post_type: topcampamentos and Title: "Surf &amp; Adventure English Summer Camp" has been purged, triggered by action: save_post 
[2025-04-28 14:02:27 : INFO] - Cache for URL: https://topcampamentos.com/campamentos/surf-adventure-english-summer-camp/ has been purged, triggered by action: save_post 
[2025-04-28 14:02:27 : INFO] - Cache for archive page associated with post_type: topcampamentos and Title: "Surf &amp; Adventure English Summer Camp" has been purged, triggered by action: save_post 
[2025-04-29 08:56:04 : INFO] - Cache for associated Polylang translation posts for Title: "Borrador automático" have been purged 
[2025-04-29 08:56:04 : INFO] - Cache for URL: https://topcampamentos.com/?p=5761 has been purged, triggered by action: save_post 
[2025-04-29 08:56:04 : INFO] - Cache for previous post (with URL: https://topcampamentos.com/mejores-campamentos-de-verano-en-ingles-para-2024/) adjacent to post with id: 5761 has been purged, triggered by action: save_post 
[2025-04-29 08:56:04 : INFO] - Cache for all archives page associated with post_type: post and Title: "Borrador automático" have been purged, triggered by action: save_post 
[2025-05-12 08:21:13 : INFO] - Cache for URL: https://topcampamentos.com/?post_type=topcampamentos&p=5500 has been purged, triggered by action: save_post 
[2025-05-12 08:21:13 : INFO] - Cache for archive page associated with post_type: topcampamentos and Title: "Lingua Camp | Lingua Lab" has been purged, triggered by action: save_post 
[2025-05-12 08:21:19 : INFO] - Cache for URL: https://topcampamentos.com/campamentos/kids-summer-camp-lingua-lab/ has been purged, triggered by action: save_post 
[2025-05-12 08:21:19 : INFO] - Cache for archive page associated with post_type: topcampamentos and Title: "Lingua Camp | Lingua Lab" has been purged, triggered by action: save_post 
[2025-05-12 08:24:01 : INFO] - Cache for URL: https://topcampamentos.com/campamentos/kids-summer-camp-lingua-lab/ has been purged, triggered by action: save_post 
[2025-05-12 08:24:01 : INFO] - Cache for archive page associated with post_type: topcampamentos and Title: "Lingua Camp | Lingua Lab" has been purged, triggered by action: save_post 
[2025-05-22 11:55:50 : INFO] - Cache for associated Polylang translation posts for Title: "Borrador automático" have been purged 
[2025-05-22 11:55:50 : INFO] - Cache for URL: https://topcampamentos.com/?p=5762 has been purged, triggered by action: save_post 
[2025-05-22 11:55:50 : INFO] - Cache for previous post (with URL: https://topcampamentos.com/mejores-campamentos-de-verano-en-ingles-para-2024/) adjacent to post with id: 5762 has been purged, triggered by action: save_post 
[2025-05-22 11:55:50 : INFO] - Cache for all archives page associated with post_type: post and Title: "Borrador automático" have been purged, triggered by action: save_post 
[2025-06-10 08:28:45 : INFO] - Cache for associated Polylang translation posts for Title: "Borrador automático" have been purged 
[2025-06-10 08:28:45 : INFO] - Cache for URL: https://topcampamentos.com/?p=5763 has been purged, triggered by action: save_post 
[2025-06-10 08:28:45 : INFO] - Cache for previous post (with URL: https://topcampamentos.com/mejores-campamentos-de-verano-en-ingles-para-2024/) adjacent to post with id: 5763 has been purged, triggered by action: save_post 
[2025-06-10 08:28:45 : INFO] - Cache for all archives page associated with post_type: post and Title: "Borrador automático" have been purged, triggered by action: save_post 
[2025-07-01 17:00:25 : INFO] - Cache for associated Polylang translation posts for Title: "Borrador automático" have been purged 
[2025-07-01 17:00:25 : INFO] - Cache for URL: https://topcampamentos.com/?p=5764 has been purged, triggered by action: save_post 
[2025-07-01 17:00:25 : INFO] - Cache for previous post (with URL: https://topcampamentos.com/mejores-campamentos-de-verano-en-ingles-para-2024/) adjacent to post with id: 5764 has been purged, triggered by action: save_post 
[2025-07-01 17:00:25 : INFO] - Cache for all archives page associated with post_type: post and Title: "Borrador automático" have been purged, triggered by action: save_post 
